{
  "0 info pnpm:global": "Nothing to stop. No server is running for the store at C:\\Users\\talha\\.pnpm-store\\v3",
  "1 debug pnpm:scope": {
    "selected": 1
  },
  "2 debug pnpm:package-manifest": {
    "initial": {},
    "prefix": "C:\\Users\\talha\\AppData\\Roaming\\npm\\pnpm-global\\5"
  },
  "3 debug pnpm:context": {
    "currentLockfileExists": false,
    "storeDir": "C:\\Users\\talha\\.pnpm-store\\v3",
    "virtualStoreDir": "C:\\Users\\talha\\AppData\\Roaming\\npm\\pnpm-global\\5\\node_modules\\.pnpm"
  },
  "4 debug pnpm:stage": {
    "prefix": "C:\\Users\\talha\\AppData\\Roaming\\npm\\pnpm-global\\5",
    "stage": "resolution_started"
  },
  "5 warn pnpm:install-check": {
    "message": "Unsupported engine for registry.npmjs.org/pnpm/10.27.0: wanted: {\"node\":\">=18.12\"} (current: {\"node\":\"v14.17.0\",\"pnpm\":\"6.23.6\"})",
    "prefix": "C:\\Users\\talha\\AppData\\Roaming\\npm\\pnpm-global\\5"
  },
  "6 debug pnpm:_dependency_resolved": {
    "resolution": "registry.npmjs.org/pnpm/10.27.0",
    "wanted": {
      "dependentId": ".",
      "name": "pnpm",
      "rawSpec": "latest"
    }
  },
  "7 debug pnpm:progress": {
    "packageId": "registry.npmjs.org/pnpm/10.27.0",
    "requester": "C:\\Users\\talha\\AppData\\Roaming\\npm\\pnpm-global\\5",
    "status": "resolved"
  },
  "8 debug pnpm:package-manifest": {
    "prefix": "C:\\Users\\talha\\AppData\\Roaming\\npm\\pnpm-global\\5",
    "updated": {
      "dependencies": {
        "pnpm": "^10.27.0"
      }
    }
  },
  "9 debug pnpm:stage": {
    "prefix": "C:\\Users\\talha\\AppData\\Roaming\\npm\\pnpm-global\\5",
    "stage": "resolution_done"
  },
  "10 debug pnpm:stats": {
    "prefix": "C:\\Users\\talha\\AppData\\Roaming\\npm\\pnpm-global\\5",
    "removed": 0
  },
  "11 debug pnpm:stage": {
    "prefix": "C:\\Users\\talha\\AppData\\Roaming\\npm\\pnpm-global\\5",
    "stage": "importing_started"
  },
  "12 debug pnpm:stats": {
    "added": 1,
    "prefix": "C:\\Users\\talha\\AppData\\Roaming\\npm\\pnpm-global\\5"
  },
  "13 debug pnpm:fetching-progress": {
    "attempt": 1,
    "packageId": "registry.npmjs.org/pnpm/10.27.0",
    "size": 4185361,
    "status": "started"
  },
  "14 debug pnpm:progress": {
    "packageId": "registry.npmjs.org/pnpm/10.27.0",
    "requester": "C:\\Users\\talha\\AppData\\Roaming\\npm\\pnpm-global\\5",
    "status": "fetched"
  },
  "15 debug pnpm:package-import-method": {
    "method": "hardlink"
  },
  "16 debug pnpm:progress": {
    "method": "hardlink",
    "requester": "C:\\Users\\talha\\AppData\\Roaming\\npm\\pnpm-global\\5",
    "status": "imported",
    "to": "C:\\Users\\talha\\AppData\\Roaming\\npm\\pnpm-global\\5\\node_modules\\.pnpm\\pnpm@10.27.0\\node_modules\\pnpm"
  },
  "17 debug pnpm:stage": {
    "prefix": "C:\\Users\\talha\\AppData\\Roaming\\npm\\pnpm-global\\5",
    "stage": "importing_done"
  },
  "18 debug pnpm:link": {
    "target": "C:\\Users\\talha\\AppData\\Roaming\\npm\\pnpm-global\\5\\node_modules\\.pnpm\\pnpm@10.27.0\\node_modules\\pnpm",
    "link": "C:\\Users\\talha\\AppData\\Roaming\\npm\\pnpm-global\\5\\node_modules\\pnpm"
  },
  "19 debug pnpm:root": {
    "added": {
      "dependencyType": "prod",
      "id": "registry.npmjs.org/pnpm/10.27.0",
      "name": "pnpm",
      "realName": "pnpm",
      "version": "10.27.0"
    },
    "prefix": "C:\\Users\\talha\\AppData\\Roaming\\npm\\pnpm-global\\5"
  },
  "20 error pnpm": {
    "errno": -4048,
    "code": "EPERM",
    "syscall": "open",
    "path": "C:\\ProgramData\\chocolatey\\bin\\pnpm.CMD",
    "err": {
      "name": "pnpm",
      "message": "EPERM: operation not permitted, open 'C:\\ProgramData\\chocolatey\\bin\\pnpm.CMD'",
      "code": "EPERM",
      "stack": "pnpm: EPERM: operation not permitted, open 'C:\\ProgramData\\chocolatey\\bin\\pnpm.CMD'"
    }
  }
}